E:\VisualStudio\MSBuild\Microsoft\VC\v160\Microsoft.CppBuild.targets(452,5): warning MSB8004: Intermediate 目录未以斜杠结尾。  此生成实例将添加斜杠，因为必须有这个斜杠才能正确计算 Intermediate 目录。
E:\VisualStudio\MSBuild\Microsoft\VC\v160\Microsoft.CppBuild.targets(453,5): warning MSB8004: Output 目录未以斜杠结尾。  此生成实例将添加斜杠，因为必须有这个斜杠才能正确计算 Output 目录。
  parser.cpp
  basis.cpp
C:\Users\LXT\Desktop\parser\parser\cent\src\parser\src\basis.cpp(69,33): warning C4267: “初始化”: 从“size_t”转换到“int”，可能丢失数据
C:\Users\LXT\Desktop\parser\parser\cent\src\parser\src\basis.cpp(77,41): warning C4267: “=”: 从“size_t”转换到“int”，可能丢失数据
C:\Users\LXT\Desktop\parser\parser\cent\src\parser\src\basis.cpp(124,31): warning C4267: “return”: 从“size_t”转换到“int”，可能丢失数据
C:\Users\LXT\Desktop\parser\parser\cent\src\parser\src\basis.cpp(134,38): warning C4554: “<<”: 检查运算符优先级是否存在的可能的错误；使用括号阐明优先级
C:\Users\LXT\Desktop\parser\parser\cent\src\parser\src\basis.cpp(135,32): warning C4554: “<<”: 检查运算符优先级是否存在的可能的错误；使用括号阐明优先级
C:\Users\LXT\Desktop\parser\parser\cent\src\parser\src\basis.cpp(146,38): warning C4554: “<<”: 检查运算符优先级是否存在的可能的错误；使用括号阐明优先级
  def.cpp
  item.cpp
C:\Users\LXT\Desktop\parser\parser\cent\src\parser\src\item.cpp(79,33): warning C4267: “初始化”: 从“size_t”转换到“int”，可能丢失数据
C:\Users\LXT\Desktop\parser\parser\cent\src\parser\src\item.cpp(358,36): warning C4267: “初始化”: 从“size_t”转换到“int”，可能丢失数据
C:\Users\LXT\Desktop\parser\parser\cent\src\parser\src\item.cpp(388,17): warning C4554: “<<”: 检查运算符优先级是否存在的可能的错误；使用括号阐明优先级
  正在生成代码
  2989 of 3002 functions (99.6%) were compiled, the rest were copied from previous compilation.
    6 functions were new in current compilation
    1 functions had inline decision re-evaluated but remain unchanged
  已完成代码的生成
  parser.vcxproj -> C:\Users\LXT\Desktop\parser\parser\cent\src\..\temp\link\Release\parser.exe
  已复制         1 个文件。
  C:\Users\LXT\Desktop\parser\parser\cent\src\..\3rd\dll\Release\no.txt
  已复制         1 个文件。
